<?xml version="1.0" encoding="UTF-8"?>
<testng-results ignored="0" total="1" passed="1" failed="0" skipped="0">
  <reporter-output>
  </reporter-output>
  <suite started-at="2022-07-28T04:21:44Z" name="Suite" finished-at="2022-07-28T04:21:49Z" duration-ms="4986">
    <groups>
    </groups>
    <test started-at="2022-07-28T04:21:44Z" name="Test" finished-at="2022-07-28T04:21:49Z" duration-ms="4986">
      <class name="amazonTests.AmazonTestsScripts">
        <test-method signature="loginToAmazon()[pri:0, instance:amazonTests.AmazonTestsScripts@3e74829]" started-at="2022-07-28T09:51:44Z" name="loginToAmazon" description="Login to Amazon" finished-at="2022-07-28T09:51:49Z" duration-ms="4975" status="PASS">
          <reporter-output>
          </reporter-output>
        </test-method> <!-- loginToAmazon -->
      </class> <!-- amazonTests.AmazonTestsScripts -->
    </test> <!-- Test -->
  </suite> <!-- Suite -->
</testng-results>
